<?xml version="1.0" encoding="UTF-8"?>
<testng-results ignored="0" total="1" passed="1" failed="0" skipped="0">
  <reporter-output>
  </reporter-output>
  <suite started-at="2025-07-23T00:34:50 IST" name="Default suite" finished-at="2025-07-23T00:35:14 IST" duration-ms="23306">
    <groups>
    </groups>
    <test started-at="2025-07-23T00:34:50 IST" name="Default test" finished-at="2025-07-23T00:35:14 IST" duration-ms="23306">
      <class name="Selenium_Assignments.ApachePOILoginAssignment4">
        <test-method is-config="true" signature="setup()[pri:0, instance:Selenium_Assignments.ApachePOILoginAssignment4@15ca7889]" started-at="2025-07-23T00:34:50 IST" name="setup" finished-at="2025-07-23T00:34:52 IST" duration-ms="2048" status="PASS">
          <reporter-output>
          </reporter-output>
        </test-method> <!-- setup -->
        <test-method signature="loginUsingExcel()[pri:0, instance:Selenium_Assignments.ApachePOILoginAssignment4@15ca7889]" started-at="2025-07-23T00:34:52 IST" name="loginUsingExcel" finished-at="2025-07-23T00:35:14 IST" duration-ms="21114" status="PASS">
          <reporter-output>
          </reporter-output>
        </test-method> <!-- loginUsingExcel -->
        <test-method is-config="true" signature="tearDown()[pri:0, instance:Selenium_Assignments.ApachePOILoginAssignment4@15ca7889]" started-at="2025-07-23T00:35:14 IST" name="tearDown" finished-at="2025-07-23T00:35:14 IST" duration-ms="115" status="PASS">
          <reporter-output>
          </reporter-output>
        </test-method> <!-- tearDown -->
      </class> <!-- Selenium_Assignments.ApachePOILoginAssignment4 -->
    </test> <!-- Default test -->
  </suite> <!-- Default suite -->
</testng-results>
